<?xml version="1.0" encoding="UTF-8"?>
<!-- Generated by org.testng.reporters.JUnitXMLReporter -->
<testsuite ignored="0" hostname="IBM-28NJKM3" failures="0" tests="4" name="Default test" time="48.85" errors="0" timestamp="2024-01-20T00:59:45 IST">
  <testcase classname="AnkitAnand.test.pomTestCleanCode" name="submitOrder" time="10.522"/>
  <testcase classname="AnkitAnand.test.pomTestCleanCode" name="submitOrder" time="10.547"/>
  <testcase classname="AnkitAnand.test.pomTestCleanCode" name="submitOrder" time="10.686"/>
  <testcase classname="AnkitAnand.test.pomTestCleanCode" name="orderHistory" time="0.622"/>
</testsuite> <!-- Default test -->
