<?xml version="1.0" encoding="UTF-8"?>
<!-- Generated by org.testng.reporters.JUnitXMLReporter -->
<testsuite ignored="0" hostname="IBM-28NJKM3" failures="0" tests="2" name="Error Validation Tests" time="12.219" errors="0" timestamp="2024-01-20T03:30:56 IST">
  <testcase classname="AnkitAnand.test.pomTestErrorValidation" name="loginPageErrorValidation" time="0.496"/>
  <testcase classname="AnkitAnand.test.pomTestErrorValidation" name="productPageErrorValidation" time="2.533"/>
</testsuite> <!-- Error Validation Tests -->
