<?xml version="1.0" encoding="UTF-8"?>
<!-- Generated by org.testng.reporters.JUnitXMLReporter -->
<testsuite ignored="0" hostname="IBM-28NJKM3" failures="0" tests="4" name="Submit Order Test" time="54.778" errors="0" timestamp="2024-01-20T03:31:38 IST">
  <testcase classname="AnkitAnand.test.pomTestCleanCode" name="submitOrder" time="10.765"/>
  <testcase classname="AnkitAnand.test.pomTestCleanCode" name="submitOrder" time="10.543"/>
  <testcase classname="AnkitAnand.test.pomTestCleanCode" name="submitOrder" time="10.518"/>
  <testcase classname="AnkitAnand.test.pomTestCleanCode" name="orderHistory" time="0.608"/>
</testsuite> <!-- Submit Order Test -->
