<?xml version="1.0" encoding="UTF-8"?>
<!-- Generated by org.testng.reporters.JUnitXMLReporter -->
<testsuite ignored="0" hostname="IBM-28NJKM3" failures="0" tests="4" name="Submit Order Test" time="55.519" errors="0" timestamp="2024-01-21T02:43:09 IST">
  <testcase classname="AnkitAnand.test.pomTestCleanCode" name="submitOrder" time="11.072"/>
  <testcase classname="AnkitAnand.test.pomTestCleanCode" name="submitOrder" time="11.307"/>
  <testcase classname="AnkitAnand.test.pomTestCleanCode" name="submitOrder" time="11.251"/>
  <testcase classname="AnkitAnand.test.pomTestCleanCode" name="orderHistory" time="0.734"/>
</testsuite> <!-- Submit Order Test -->
