<?xml version="1.0" encoding="UTF-8"?>
<testng-results ignored="0" total="6" passed="6" failed="0" skipped="0">
  <reporter-output>
  </reporter-output>
  <suite started-at="2024-01-21T02:42:14 IST" name="Suite" finished-at="2024-01-21T02:43:09 IST" duration-ms="55519">
    <groups>
      <group name="ErrorHandling">
        <method signature="pomTestErrorValidation.loginPageErrorValidation()[pri:0, instance:AnkitAnand.test.pomTestErrorValidation@cecf639]" name="loginPageErrorValidation" class="AnkitAnand.test.pomTestErrorValidation"/>
      </group> <!-- ErrorHandling -->
      <group name="Purchase">
        <method signature="pomTestCleanCode.submitOrder(java.util.HashMap)[pri:0, instance:AnkitAnand.test.pomTestCleanCode@791f145a]" name="submitOrder" class="AnkitAnand.test.pomTestCleanCode"/>
      </group> <!-- Purchase -->
    </groups>
    <test started-at="2024-01-21T02:42:14 IST" name="Error Validation Tests" finished-at="2024-01-21T02:42:30 IST" duration-ms="16029">
      <class name="AnkitAnand.test.pomTestErrorValidation">
        <test-method is-config="true" signature="launchApplication()[pri:0, instance:AnkitAnand.test.pomTestErrorValidation@cecf639]" started-at="2024-01-21T02:42:14 IST" name="launchApplication" finished-at="2024-01-21T02:42:22 IST" duration-ms="8323" status="PASS">
          <reporter-output>
          </reporter-output>
        </test-method> <!-- launchApplication -->
        <test-method signature="loginPageErrorValidation()[pri:0, instance:AnkitAnand.test.pomTestErrorValidation@cecf639]" started-at="2024-01-21T02:42:22 IST" name="loginPageErrorValidation" finished-at="2024-01-21T02:42:23 IST" duration-ms="524" status="PASS">
          <reporter-output>
          </reporter-output>
        </test-method> <!-- loginPageErrorValidation -->
        <test-method is-config="true" signature="tearDown()[pri:0, instance:AnkitAnand.test.pomTestErrorValidation@cecf639]" started-at="2024-01-21T02:42:23 IST" name="tearDown" finished-at="2024-01-21T02:42:23 IST" duration-ms="38" status="PASS">
          <reporter-output>
          </reporter-output>
        </test-method> <!-- tearDown -->
        <test-method is-config="true" signature="launchApplication()[pri:0, instance:AnkitAnand.test.pomTestErrorValidation@cecf639]" started-at="2024-01-21T02:42:23 IST" name="launchApplication" finished-at="2024-01-21T02:42:27 IST" duration-ms="4212" status="PASS">
          <reporter-output>
          </reporter-output>
        </test-method> <!-- launchApplication -->
        <test-method signature="productPageErrorValidation()[pri:0, instance:AnkitAnand.test.pomTestErrorValidation@cecf639]" started-at="2024-01-21T02:42:27 IST" name="productPageErrorValidation" finished-at="2024-01-21T02:42:30 IST" duration-ms="2830" status="PASS">
          <reporter-output>
          </reporter-output>
        </test-method> <!-- productPageErrorValidation -->
        <test-method is-config="true" signature="tearDown()[pri:0, instance:AnkitAnand.test.pomTestErrorValidation@cecf639]" started-at="2024-01-21T02:42:30 IST" name="tearDown" finished-at="2024-01-21T02:42:30 IST" duration-ms="36" status="PASS">
          <reporter-output>
          </reporter-output>
        </test-method> <!-- tearDown -->
      </class> <!-- AnkitAnand.test.pomTestErrorValidation -->
    </test> <!-- Error Validation Tests -->
    <test started-at="2024-01-21T02:42:14 IST" name="Submit Order Test" finished-at="2024-01-21T02:43:09 IST" duration-ms="55519">
      <class name="AnkitAnand.test.pomTestCleanCode">
        <test-method is-config="true" signature="launchApplication()[pri:0, instance:AnkitAnand.test.pomTestCleanCode@791f145a]" started-at="2024-01-21T02:42:14 IST" name="launchApplication" finished-at="2024-01-21T02:42:22 IST" duration-ms="8286" status="PASS">
          <reporter-output>
          </reporter-output>
        </test-method> <!-- launchApplication -->
        <test-method signature="submitOrder(java.util.HashMap)[pri:0, instance:AnkitAnand.test.pomTestCleanCode@791f145a]" started-at="2024-01-21T02:42:22 IST" name="submitOrder" data-provider="getDataUsingJSON" finished-at="2024-01-21T02:42:33 IST" duration-ms="11072" status="PASS">
          <params>
            <param index="0">
              <value>
                <![CDATA[{prodName=ADIDAS ORIGINAL, password=Ankitanp1@gmail.com, email=ankitanp@gmail.com}]]>
              </value>
            </param>
          </params>
          <reporter-output>
          </reporter-output>
        </test-method> <!-- submitOrder -->
        <test-method is-config="true" signature="tearDown()[pri:0, instance:AnkitAnand.test.pomTestCleanCode@791f145a]" started-at="2024-01-21T02:42:33 IST" name="tearDown" finished-at="2024-01-21T02:42:34 IST" duration-ms="37" status="PASS">
          <reporter-output>
          </reporter-output>
        </test-method> <!-- tearDown -->
        <test-method is-config="true" signature="launchApplication()[pri:0, instance:AnkitAnand.test.pomTestCleanCode@791f145a]" started-at="2024-01-21T02:42:34 IST" name="launchApplication" finished-at="2024-01-21T02:42:38 IST" duration-ms="4021" status="PASS">
          <reporter-output>
          </reporter-output>
        </test-method> <!-- launchApplication -->
        <test-method signature="submitOrder(java.util.HashMap)[pri:0, instance:AnkitAnand.test.pomTestCleanCode@791f145a]" started-at="2024-01-21T02:42:38 IST" name="submitOrder" data-provider="getDataUsingJSON" finished-at="2024-01-21T02:42:49 IST" duration-ms="11307" status="PASS">
          <params>
            <param index="0">
              <value>
                <![CDATA[{prodName=ZARA COAT 3, password=Ankit@ankit123, email=ankitanp111@ankitmail.com}]]>
              </value>
            </param>
          </params>
          <reporter-output>
          </reporter-output>
        </test-method> <!-- submitOrder -->
        <test-method is-config="true" signature="tearDown()[pri:0, instance:AnkitAnand.test.pomTestCleanCode@791f145a]" started-at="2024-01-21T02:42:49 IST" name="tearDown" finished-at="2024-01-21T02:42:49 IST" duration-ms="38" status="PASS">
          <reporter-output>
          </reporter-output>
        </test-method> <!-- tearDown -->
        <test-method is-config="true" signature="launchApplication()[pri:0, instance:AnkitAnand.test.pomTestCleanCode@791f145a]" started-at="2024-01-21T02:42:49 IST" name="launchApplication" finished-at="2024-01-21T02:42:53 IST" duration-ms="4045" status="PASS">
          <reporter-output>
          </reporter-output>
        </test-method> <!-- launchApplication -->
        <test-method signature="submitOrder(java.util.HashMap)[pri:0, instance:AnkitAnand.test.pomTestCleanCode@791f145a]" started-at="2024-01-21T02:42:53 IST" name="submitOrder" data-provider="getDataUsingJSON" finished-at="2024-01-21T02:43:04 IST" duration-ms="11251" status="PASS">
          <params>
            <param index="0">
              <value>
                <![CDATA[{prodName=IPHONE 13 PRO, password=Ankitanp1@gmail.com, email=ankitanp@gmail.com}]]>
              </value>
            </param>
          </params>
          <reporter-output>
          </reporter-output>
        </test-method> <!-- submitOrder -->
        <test-method is-config="true" signature="tearDown()[pri:0, instance:AnkitAnand.test.pomTestCleanCode@791f145a]" started-at="2024-01-21T02:43:04 IST" name="tearDown" finished-at="2024-01-21T02:43:04 IST" duration-ms="39" status="PASS">
          <reporter-output>
          </reporter-output>
        </test-method> <!-- tearDown -->
        <test-method is-config="true" signature="launchApplication()[pri:0, instance:AnkitAnand.test.pomTestCleanCode@791f145a]" started-at="2024-01-21T02:43:04 IST" name="launchApplication" finished-at="2024-01-21T02:43:09 IST" duration-ms="4326" status="PASS">
          <reporter-output>
          </reporter-output>
        </test-method> <!-- launchApplication -->
        <test-method signature="orderHistory()[pri:0, instance:AnkitAnand.test.pomTestCleanCode@791f145a]" started-at="2024-01-21T02:43:09 IST" name="orderHistory" finished-at="2024-01-21T02:43:09 IST" depends-on-methods="AnkitAnand.test.pomTestCleanCode.submitOrder" duration-ms="734" status="PASS">
          <reporter-output>
          </reporter-output>
        </test-method> <!-- orderHistory -->
        <test-method is-config="true" signature="tearDown()[pri:0, instance:AnkitAnand.test.pomTestCleanCode@791f145a]" started-at="2024-01-21T02:43:09 IST" name="tearDown" finished-at="2024-01-21T02:43:09 IST" duration-ms="42" status="PASS">
          <reporter-output>
          </reporter-output>
        </test-method> <!-- tearDown -->
      </class> <!-- AnkitAnand.test.pomTestCleanCode -->
    </test> <!-- Submit Order Test -->
  </suite> <!-- Suite -->
</testng-results>
