<?xml version="1.0" encoding="UTF-8"?>
<testng-results ignored="0" total="6" passed="6" failed="0" skipped="0">
  <reporter-output>
  </reporter-output>
  <suite started-at="2024-01-20T03:30:43 IST" name="Suite" finished-at="2024-01-20T03:31:38 IST" duration-ms="54778">
    <groups>
      <group name="ErrorHandling">
        <method signature="pomTestErrorValidation.loginPageErrorValidation()[pri:0, instance:AnkitAnand.test.pomTestErrorValidation@23f5b5dc]" name="loginPageErrorValidation" class="AnkitAnand.test.pomTestErrorValidation"/>
      </group> <!-- ErrorHandling -->
      <group name="Purchase">
        <method signature="pomTestCleanCode.submitOrder(java.util.HashMap)[pri:0, instance:AnkitAnand.test.pomTestCleanCode@5890e879]" name="submitOrder" class="AnkitAnand.test.pomTestCleanCode"/>
      </group> <!-- Purchase -->
    </groups>
    <test started-at="2024-01-20T03:30:43 IST" name="Error Validation Tests" finished-at="2024-01-20T03:30:56 IST" duration-ms="12219">
      <class name="AnkitAnand.test.pomTestErrorValidation">
        <test-method is-config="true" signature="launchApplication()[pri:0, instance:AnkitAnand.test.pomTestErrorValidation@23f5b5dc]" started-at="2024-01-20T03:30:43 IST" name="launchApplication" finished-at="2024-01-20T03:30:49 IST" duration-ms="5611" status="PASS">
          <reporter-output>
          </reporter-output>
        </test-method> <!-- launchApplication -->
        <test-method signature="loginPageErrorValidation()[pri:0, instance:AnkitAnand.test.pomTestErrorValidation@23f5b5dc]" started-at="2024-01-20T03:30:49 IST" name="loginPageErrorValidation" finished-at="2024-01-20T03:30:49 IST" duration-ms="496" status="PASS">
          <reporter-output>
          </reporter-output>
        </test-method> <!-- loginPageErrorValidation -->
        <test-method is-config="true" signature="tearDown()[pri:0, instance:AnkitAnand.test.pomTestErrorValidation@23f5b5dc]" started-at="2024-01-20T03:30:49 IST" name="tearDown" finished-at="2024-01-20T03:30:50 IST" duration-ms="86" status="PASS">
          <reporter-output>
          </reporter-output>
        </test-method> <!-- tearDown -->
        <test-method is-config="true" signature="launchApplication()[pri:0, instance:AnkitAnand.test.pomTestErrorValidation@23f5b5dc]" started-at="2024-01-20T03:30:50 IST" name="launchApplication" finished-at="2024-01-20T03:30:53 IST" duration-ms="3296" status="PASS">
          <reporter-output>
          </reporter-output>
        </test-method> <!-- launchApplication -->
        <test-method signature="productPageErrorValidation()[pri:0, instance:AnkitAnand.test.pomTestErrorValidation@23f5b5dc]" started-at="2024-01-20T03:30:53 IST" name="productPageErrorValidation" finished-at="2024-01-20T03:30:55 IST" duration-ms="2533" status="PASS">
          <reporter-output>
          </reporter-output>
        </test-method> <!-- productPageErrorValidation -->
        <test-method is-config="true" signature="tearDown()[pri:0, instance:AnkitAnand.test.pomTestErrorValidation@23f5b5dc]" started-at="2024-01-20T03:30:55 IST" name="tearDown" finished-at="2024-01-20T03:30:56 IST" duration-ms="145" status="PASS">
          <reporter-output>
          </reporter-output>
        </test-method> <!-- tearDown -->
      </class> <!-- AnkitAnand.test.pomTestErrorValidation -->
    </test> <!-- Error Validation Tests -->
    <test started-at="2024-01-20T03:30:43 IST" name="Submit Order Test" finished-at="2024-01-20T03:31:38 IST" duration-ms="54778">
      <class name="AnkitAnand.test.pomTestCleanCode">
        <test-method is-config="true" signature="launchApplication()[pri:0, instance:AnkitAnand.test.pomTestCleanCode@5890e879]" started-at="2024-01-20T03:30:44 IST" name="launchApplication" finished-at="2024-01-20T03:30:48 IST" duration-ms="4436" status="PASS">
          <reporter-output>
          </reporter-output>
        </test-method> <!-- launchApplication -->
        <test-method signature="submitOrder(java.util.HashMap)[pri:0, instance:AnkitAnand.test.pomTestCleanCode@5890e879]" started-at="2024-01-20T03:30:48 IST" name="submitOrder" data-provider="getDataUsingJSON" finished-at="2024-01-20T03:30:59 IST" duration-ms="10765" status="PASS">
          <params>
            <param index="0">
              <value>
                <![CDATA[{prodName=ADIDAS ORIGINAL, password=Ankitanp1@gmail.com, email=ankitanp@gmail.com}]]>
              </value>
            </param>
          </params>
          <reporter-output>
          </reporter-output>
        </test-method> <!-- submitOrder -->
        <test-method is-config="true" signature="tearDown()[pri:0, instance:AnkitAnand.test.pomTestCleanCode@5890e879]" started-at="2024-01-20T03:30:59 IST" name="tearDown" finished-at="2024-01-20T03:30:59 IST" duration-ms="152" status="PASS">
          <reporter-output>
          </reporter-output>
        </test-method> <!-- tearDown -->
        <test-method is-config="true" signature="launchApplication()[pri:0, instance:AnkitAnand.test.pomTestCleanCode@5890e879]" started-at="2024-01-20T03:30:59 IST" name="launchApplication" finished-at="2024-01-20T03:31:03 IST" duration-ms="4302" status="PASS">
          <reporter-output>
          </reporter-output>
        </test-method> <!-- launchApplication -->
        <test-method signature="submitOrder(java.util.HashMap)[pri:0, instance:AnkitAnand.test.pomTestCleanCode@5890e879]" started-at="2024-01-20T03:31:03 IST" name="submitOrder" data-provider="getDataUsingJSON" finished-at="2024-01-20T03:31:14 IST" duration-ms="10543" status="PASS">
          <params>
            <param index="0">
              <value>
                <![CDATA[{prodName=ZARA COAT 3, password=Ankit@ankit123, email=ankitanp111@ankitmail.com}]]>
              </value>
            </param>
          </params>
          <reporter-output>
          </reporter-output>
        </test-method> <!-- submitOrder -->
        <test-method is-config="true" signature="tearDown()[pri:0, instance:AnkitAnand.test.pomTestCleanCode@5890e879]" started-at="2024-01-20T03:31:14 IST" name="tearDown" finished-at="2024-01-20T03:31:14 IST" duration-ms="141" status="PASS">
          <reporter-output>
          </reporter-output>
        </test-method> <!-- tearDown -->
        <test-method is-config="true" signature="launchApplication()[pri:0, instance:AnkitAnand.test.pomTestCleanCode@5890e879]" started-at="2024-01-20T03:31:14 IST" name="launchApplication" finished-at="2024-01-20T03:31:17 IST" duration-ms="3259" status="PASS">
          <reporter-output>
          </reporter-output>
        </test-method> <!-- launchApplication -->
        <test-method signature="submitOrder(java.util.HashMap)[pri:0, instance:AnkitAnand.test.pomTestCleanCode@5890e879]" started-at="2024-01-20T03:31:17 IST" name="submitOrder" data-provider="getDataUsingJSON" finished-at="2024-01-20T03:31:28 IST" duration-ms="10518" status="PASS">
          <params>
            <param index="0">
              <value>
                <![CDATA[{prodName=IPHONE 13 PRO, password=Ankitanp1@gmail.com, email=ankitanp@gmail.com}]]>
              </value>
            </param>
          </params>
          <reporter-output>
          </reporter-output>
        </test-method> <!-- submitOrder -->
        <test-method is-config="true" signature="tearDown()[pri:0, instance:AnkitAnand.test.pomTestCleanCode@5890e879]" started-at="2024-01-20T03:31:28 IST" name="tearDown" finished-at="2024-01-20T03:31:28 IST" duration-ms="185" status="PASS">
          <reporter-output>
          </reporter-output>
        </test-method> <!-- tearDown -->
        <test-method is-config="true" signature="launchApplication()[pri:0, instance:AnkitAnand.test.pomTestCleanCode@5890e879]" started-at="2024-01-20T03:31:28 IST" name="launchApplication" finished-at="2024-01-20T03:31:31 IST" duration-ms="3134" status="PASS">
          <reporter-output>
          </reporter-output>
        </test-method> <!-- launchApplication -->
        <test-method signature="orderHistory()[pri:0, instance:AnkitAnand.test.pomTestCleanCode@5890e879]" started-at="2024-01-20T03:31:31 IST" name="orderHistory" finished-at="2024-01-20T03:31:32 IST" depends-on-methods="AnkitAnand.test.pomTestCleanCode.submitOrder" duration-ms="608" status="PASS">
          <reporter-output>
          </reporter-output>
        </test-method> <!-- orderHistory -->
        <test-method is-config="true" signature="tearDown()[pri:0, instance:AnkitAnand.test.pomTestCleanCode@5890e879]" started-at="2024-01-20T03:31:32 IST" name="tearDown" finished-at="2024-01-20T03:31:38 IST" duration-ms="6428" status="PASS">
          <reporter-output>
          </reporter-output>
        </test-method> <!-- tearDown -->
      </class> <!-- AnkitAnand.test.pomTestCleanCode -->
    </test> <!-- Submit Order Test -->
  </suite> <!-- Suite -->
</testng-results>
